
______________________________________________________________________

---------------------------------Таблиця структури речення----------------
_____________________________________________________________________________
|Поле міток|  |      Поле       |  |        1-й       |  |        2-й       |
|  (імені) |  |    мнемокоду    |  |      операнд     |  |      операнд     |
_____________________________________________________________________________
|     №    |  |№першої|Кількість|  |№ першої|Кількість|  |№ першої|Кількість|
|  лексеми |  |лексеми| лексем  |  | лексеми| лексем  |  | лексеми| лексем  |
|   поля   |  | поля  |  поля   |  |операнда|операнда |  |операнда|операнда |
____________________________________________________________________________ 

	2           3           1           4           1          -1          -1
	5           6           1           7           1          -1          -1
	8           9           1          10           1          -1          -1
	11          12           1          13           1          -1          -1
	14          15           1          16           1          -1          -1
	17          18           1          19           1          -1          -1
	30          -1          -1          -1          -1          -1          -1
	-1          32          -1          -1          -1          -1          -1
	-1          37           1          38           1          -1          -1
	-1          49           1          50           1          52           9
	-1          61           1          62           1          -1          -1
	-1          63           7          64           7          72           1
	-1          73           1          74           1          -1          -1
	-1          75           1          76           1          78           1
	-1          79           1          80           1          82           1
	-1          83           1          84           1          86           7
	-1          93           1          94           1          -1          -1
	95          -1          -1          -1          -1          -1          -1
