
______________________________________________________________________

---------------------------------Таблиця структури речення----------------
_____________________________________________________________________________
|Поле міток|  |      Поле       |  |        1-й       |  |        2-й       |
|  (імені) |  |    мнемокоду    |  |      операнд     |  |      операнд     |
_____________________________________________________________________________
|     №    |  |№першої|Кількість|  |№ першої|Кількість|  |№ першої|Кількість|
|  лексеми |  |лексеми| лексем  |  | лексеми| лексем  |  | лексеми| лексем  |
|   поля   |  | поля  |  поля   |  |операнда|операнда |  |операнда|операнда |
____________________________________________________________________________ 

	2           3           1           4           1          -1          -1
				4

	5           6           1           7           1          -1          -1
				c

	8           9           1          10           1          -1          -1
				10

	-1          15           1          -1          -1          -1          -1
				2

	-1          16           1          17           4          -1          -1
				8

	-1          21           1          22           1          24           1
				a

	-1          25           1          26           1          -1          -1
				c

