Сборка начата 27.12.2015 14:54:59.
     1>Проект "C:\Users\Gisha\Desktop\dpi\C+kurs\курсач\kurss\kurss\kurss.vcxproj" в узле 2 (целевые объекты Build).
     1>ClCompile:
         C:\Program Files (x86)\Microsoft Visual Studio 12.0\VC\bin\CL.exe /c /ZI /nologo /W3 /WX- /Od /Oy- /D WIN32 /D _DEBUG /D _CONSOLE /D _UNICODE /D UNICODE /Gm /EHsc /RTC1 /MDd /GS /fp:precise /Zc:wchar_t /Zc:forScope /Fo"Debug\\" /Fd"Debug\vc120.pdb" /Gd /TP /analyze- /errorReport:prompt komand.cpp lexer.cpp id.cpp instruction.cpp lex.cpp main.cpp function_m.cpp listing.cpp tab_seg.cpp sint.cpp sintax.cpp weight.cpp
         weight.cpp
     1>c:\users\gisha\desktop\dpi\c+kurs\курсач\kurss\kurss\weight.cpp(6): warning C4101: RunLex2: неиспользованная локальная переменная
         sintax.cpp
     1>c:\users\gisha\desktop\dpi\c+kurs\курсач\kurss\kurss\sintax.cpp(349): warning C4101: substr: неиспользованная локальная переменная
     1>c:\users\gisha\desktop\dpi\c+kurs\курсач\kurss\kurss\sintax.cpp(348): warning C4101: k2: неиспользованная локальная переменная
     1>c:\users\gisha\desktop\dpi\c+kurs\курсач\kurss\kurss\sintax.cpp(348): warning C4101: j: неиспользованная локальная переменная
         sint.cpp
     1>c:\users\gisha\desktop\dpi\c+kurs\курсач\kurss\kurss\sint.cpp(7): warning C4101: i: неиспользованная локальная переменная
         tab_seg.cpp
     1>c:\users\gisha\desktop\dpi\c+kurs\курсач\kurss\kurss\tab_seg.cpp(14): warning C4996: 'strcpy': This function or variable may be unsafe. Consider using strcpy_s instead. To disable deprecation, use _CRT_SECURE_NO_WARNINGS. See online help for details.
                 c:\program files (x86)\microsoft visual studio 12.0\vc\include\string.h(112): см. объявление "strcpy"
         listing.cpp
     1>c:\users\gisha\desktop\dpi\c+kurs\курсач\kurss\kurss\listing.cpp(31): warning C4101: lt: неиспользованная локальная переменная
     1>c:\users\gisha\desktop\dpi\c+kurs\курсач\kurss\kurss\listing.cpp(19): warning C4101: RunLex2: неиспользованная локальная переменная
     1>c:\users\gisha\desktop\dpi\c+kurs\курсач\kurss\kurss\listing.cpp(205): warning C4101: RunSeg2: неиспользованная локальная переменная
         function_m.cpp
     1>c:\users\gisha\desktop\dpi\c+kurs\курсач\kurss\kurss\function_m.cpp(22): warning C4101: Run_tab: неиспользованная локальная переменная
     1>c:\users\gisha\desktop\dpi\c+kurs\курсач\kurss\kurss\function_m.cpp(39): warning C4101: Run_tab: неиспользованная локальная переменная
         main.cpp
     1>c:\users\gisha\desktop\dpi\c+kurs\курсач\kurss\kurss\main.cpp(10): warning C4101: KeyRegime: неиспользованная локальная переменная
         lex.cpp
     1>c:\users\gisha\desktop\dpi\c+kurs\курсач\kurss\kurss\lex.cpp(36): warning C4018: <: несоответствие типов со знаком и без знака
         instruction.cpp
     1>c:\users\gisha\desktop\dpi\c+kurs\курсач\kurss\kurss\instruction.cpp(132): warning C4101: ModR_m: неиспользованная локальная переменная
         id.cpp
     1>c:\users\gisha\desktop\dpi\c+kurs\курсач\kurss\kurss\id.cpp(15): warning C4996: 'strcpy': This function or variable may be unsafe. Consider using strcpy_s instead. To disable deprecation, use _CRT_SECURE_NO_WARNINGS. See online help for details.
                 c:\program files (x86)\microsoft visual studio 12.0\vc\include\string.h(112): см. объявление "strcpy"
     1>c:\users\gisha\desktop\dpi\c+kurs\курсач\kurss\kurss\id.cpp(43): warning C4996: 'strcpy': This function or variable may be unsafe. Consider using strcpy_s instead. To disable deprecation, use _CRT_SECURE_NO_WARNINGS. See online help for details.
                 c:\program files (x86)\microsoft visual studio 12.0\vc\include\string.h(112): см. объявление "strcpy"
     1>c:\users\gisha\desktop\dpi\c+kurs\курсач\kurss\kurss\id.cpp(54): warning C4996: 'strcpy': This function or variable may be unsafe. Consider using strcpy_s instead. To disable deprecation, use _CRT_SECURE_NO_WARNINGS. See online help for details.
                 c:\program files (x86)\microsoft visual studio 12.0\vc\include\string.h(112): см. объявление "strcpy"
         lexer.cpp
     1>c:\users\gisha\desktop\dpi\c+kurs\курсач\kurss\kurss\lexer.cpp(104): warning C4996: 'strncpy': This function or variable may be unsafe. Consider using strncpy_s instead. To disable deprecation, use _CRT_SECURE_NO_WARNINGS. See online help for details.
                 c:\program files (x86)\microsoft visual studio 12.0\vc\include\string.h(195): см. объявление "strncpy"
     1>c:\users\gisha\desktop\dpi\c+kurs\курсач\kurss\kurss\lexer.cpp(125): warning C4996: 'strcpy': This function or variable may be unsafe. Consider using strcpy_s instead. To disable deprecation, use _CRT_SECURE_NO_WARNINGS. See online help for details.
                 c:\program files (x86)\microsoft visual studio 12.0\vc\include\string.h(112): см. объявление "strcpy"
     1>c:\users\gisha\desktop\dpi\c+kurs\курсач\kurss\kurss\lexer.cpp(128): warning C4996: 'strcpy': This function or variable may be unsafe. Consider using strcpy_s instead. To disable deprecation, use _CRT_SECURE_NO_WARNINGS. See online help for details.
                 c:\program files (x86)\microsoft visual studio 12.0\vc\include\string.h(112): см. объявление "strcpy"
     1>c:\users\gisha\desktop\dpi\c+kurs\курсач\kurss\kurss\lexer.cpp(129): warning C4996: 'strcat': This function or variable may be unsafe. Consider using strcat_s instead. To disable deprecation, use _CRT_SECURE_NO_WARNINGS. See online help for details.
                 c:\program files (x86)\microsoft visual studio 12.0\vc\include\string.h(118): см. объявление "strcat"
     1>c:\users\gisha\desktop\dpi\c+kurs\курсач\kurss\kurss\lexer.cpp(136): warning C4996: 'strcpy': This function or variable may be unsafe. Consider using strcpy_s instead. To disable deprecation, use _CRT_SECURE_NO_WARNINGS. See online help for details.
                 c:\program files (x86)\microsoft visual studio 12.0\vc\include\string.h(112): см. объявление "strcpy"
     1>c:\users\gisha\desktop\dpi\c+kurs\курсач\kurss\kurss\lexer.cpp(224): warning C4018: <: несоответствие типов со знаком и без знака
         komand.cpp
     1>c:\users\gisha\desktop\dpi\c+kurs\курсач\kurss\kurss\komand.cpp(9): warning C4101: RunLex2: неиспользованная локальная переменная
     1>c:\users\gisha\desktop\dpi\c+kurs\курсач\kurss\kurss\komand.cpp(83): warning C4996: 'strcpy': This function or variable may be unsafe. Consider using strcpy_s instead. To disable deprecation, use _CRT_SECURE_NO_WARNINGS. See online help for details.
                 c:\program files (x86)\microsoft visual studio 12.0\vc\include\string.h(112): см. объявление "strcpy"
     1>c:\users\gisha\desktop\dpi\c+kurs\курсач\kurss\kurss\komand.cpp(81): warning C4101: x: неиспользованная локальная переменная
     1>c:\users\gisha\desktop\dpi\c+kurs\курсач\kurss\kurss\komand.cpp(97): warning C4996: 'strcpy': This function or variable may be unsafe. Consider using strcpy_s instead. To disable deprecation, use _CRT_SECURE_NO_WARNINGS. See online help for details.
                 c:\program files (x86)\microsoft visual studio 12.0\vc\include\string.h(112): см. объявление "strcpy"
     1>c:\users\gisha\desktop\dpi\c+kurs\курсач\kurss\kurss\komand.cpp(95): warning C4101: x: неиспользованная локальная переменная
     1>c:\users\gisha\desktop\dpi\c+kurs\курсач\kurss\kurss\komand.cpp(181): warning C4172: возвращение адреса локальной или временной переменной
     1>c:\users\gisha\desktop\dpi\c+kurs\курсач\kurss\kurss\komand.cpp(220): warning C4244: =: преобразование "double" в "int", возможна потеря данных
     1>c:\users\gisha\desktop\dpi\c+kurs\курсач\kurss\kurss\komand.cpp(270): warning C4172: возвращение адреса локальной или временной переменной
     1>c:\users\gisha\desktop\dpi\c+kurs\курсач\kurss\kurss\komand.cpp(208): warning C4101: fract1: неиспользованная локальная переменная
     1>c:\users\gisha\desktop\dpi\c+kurs\курсач\kurss\kurss\komand.cpp(203): warning C4101: bin: неиспользованная локальная переменная
     1>c:\users\gisha\desktop\dpi\c+kurs\курсач\kurss\kurss\komand.cpp(202): warning C4101: x1: неиспользованная локальная переменная
     1>c:\users\gisha\desktop\dpi\c+kurs\курсач\kurss\kurss\komand.cpp(295): warning C4244: =: преобразование "double" в "int", возможна потеря данных
     1>c:\users\gisha\desktop\dpi\c+kurs\курсач\kurss\kurss\komand.cpp(343): warning C4172: возвращение адреса локальной или временной переменной
     1>c:\users\gisha\desktop\dpi\c+kurs\курсач\kurss\kurss\komand.cpp(281): warning C4101: fract1: неиспользованная локальная переменная
     1>c:\users\gisha\desktop\dpi\c+kurs\курсач\kurss\kurss\komand.cpp(276): warning C4101: bin: неиспользованная локальная переменная
     1>c:\users\gisha\desktop\dpi\c+kurs\курсач\kurss\kurss\komand.cpp(275): warning C4101: x1: неиспользованная локальная переменная
         Создание кода...
     1>c:\users\gisha\desktop\dpi\c+kurs\курсач\kurss\kurss\instruction.cpp(105): warning C4715: instruction::Base: значение возвращается не при всех путях выполнения
     1>c:\users\gisha\desktop\dpi\c+kurs\курсач\kurss\kurss\instruction.cpp(117): warning C4715: instruction::ChangeSeg: значение возвращается не при всех путях выполнения
     1>c:\users\gisha\desktop\dpi\c+kurs\курсач\kurss\kurss\sint.cpp(370): warning C4715: sint_analizing: значение возвращается не при всех путях выполнения
       Link:
         C:\Program Files (x86)\Microsoft Visual Studio 12.0\VC\bin\link.exe /ERRORREPORT:PROMPT /OUT:"C:\Users\Gisha\Desktop\dpi\C+kurs\курсач\kurss\Debug\kurss.exe" /INCREMENTAL /NOLOGO kernel32.lib user32.lib gdi32.lib winspool.lib comdlg32.lib advapi32.lib shell32.lib ole32.lib oleaut32.lib uuid.lib odbc32.lib odbccp32.lib /MANIFEST /MANIFESTUAC:"level='asInvoker' uiAccess='false'" /manifest:embed /DEBUG /PDB:"C:\Users\Gisha\Desktop\dpi\C+kurs\курсач\kurss\Debug\kurss.pdb" /SUBSYSTEM:CONSOLE /TLBID:1 /DYNAMICBASE /NXCOMPAT /IMPLIB:"C:\Users\Gisha\Desktop\dpi\C+kurs\курсач\kurss\Debug\kurss.lib" /MACHINE:X86 Debug\komand.obj
         Debug\lexer.obj
         Debug\id.obj
         Debug\instruction.obj
         Debug\lex.obj
         Debug\main.obj
         Debug\function_m.obj
         Debug\listing.obj
         Debug\tab_seg.obj
         Debug\sint.obj
         Debug\sintax.obj
         Debug\weight.obj
         kurss.vcxproj -> C:\Users\Gisha\Desktop\dpi\C+kurs\курсач\kurss\Debug\kurss.exe
     1>Сборка проекта "C:\Users\Gisha\Desktop\dpi\C+kurs\курсач\kurss\kurss\kurss.vcxproj" завершена (целевые объекты Build).

Сборка успешно завершена.

Затраченное время: 00:00:27.69
